[    4.790000] ohci-platform: OHCI generic platform driver
[    4.790000] xhci-mtk 1e1c0000.xhci: xHCI Host Controller
[    4.800000] xhci-mtk 1e1c0000.xhci: new USB bus registered, assigned bus number 1
[    4.810000] xhci-mtk 1e1c0000.xhci: hcc params 0x01401198 hci version 0x96 quirks 0x00210010
[    4.810000] xhci-mtk 1e1c0000.xhci: irq 29, io mem 0x1e1c0000
[    4.820000] usb usb1: New USB device found, idVendor=1d6b, idProduct=0002
[    4.820000] usb usb1: New USB device strings: Mfr=3, Product=2, SerialNumber=1
[    4.830000] usb usb1: Product: xHCI Host Controller
[    4.840000] usb usb1: Manufacturer: Linux 4.4.52-gnu xhci-hcd
[    4.840000] usb usb1: SerialNumber: 1e1c0000.xhci
[    4.850000] hub 1-0:1.0: USB hub found
[    4.850000] hub 1-0:1.0: 2 ports detected
[    4.850000] xhci-mtk 1e1c0000.xhci: xHCI Host Controller
[    4.860000] xhci-mtk 1e1c0000.xhci: new USB bus registered, assigned bus number 2
[    4.860000] usb usb2: We don't know the algorithms for LPM for this host, disabling LPM.
[    4.870000] usb usb2: New USB device found, idVendor=1d6b, idProduct=0003
[    4.880000] usb usb2: New USB device strings: Mfr=3, Product=2, SerialNumber=1
[    4.880000] usb usb2: Product: xHCI Host Controller
[    4.890000] usb usb2: Manufacturer: Linux 4.4.52-gnu xhci-hcd
[    4.890000] usb usb2: SerialNumber: 1e1c0000.xhci
[    4.900000] hub 2-0:1.0: USB hub found
[    4.900000] hub 2-0:1.0: 1 port detected
[    4.900000] usbcore: registered new interface driver usb-storage
[    4.910000] mt7621_wdt 1e000100.wdt: Initialized
[    4.910000] softdog: Software Watchdog Timer: 0.08 initialized. soft_noboot=0 soft_margin=60 sec soft_panic=0 (nowayout=0)
[    4.920000] md: linear personality registered for level -1
[    4.930000] md: raid0 personality registered for level 0
[    4.930000] md: raid1 personality registered for level 1
[    4.940000] md: raid10 personality registered for level 10
[    4.940000] md: raid6 personality registered for level 6
[    4.950000] md: raid5 personality registered for level 5
[    4.950000] md: raid4 personality registered for level 4
[    4.960000] device-mapper: ioctl: 4.34.0-ioctl (2015-10-28) initialised: dm-devel@redhat.com
[    4.970000] sdhci: Secure Digital Host Controller Interface driver
[    4.970000] sdhci: Copyright(c) Pierre Ossman
[    4.980000] sdhci-pltfm: SDHCI platform and OF driver helper
[    4.980000] MTK MSDC device init.
[    4.980000] SET_IOS: CLK(0kHz), BUS(PUSHPULL), BW(1), PWR(UP), VDD(3.30v), TIMING(LEGACY)SET_IOS: CLK(400kHz), BUS(PUSHPULL), BW(1), PWR(ON), VDD(3.30v), TIMING(LEGACY)
[    5.030000] SET_IOS: CLK(0kHz), BUS(PUSHPULL), BW(1), PWR(OFF), VDD(1.50v), TIMING(LEGACY)[    5.030000] mtk-sd: MediaTek MT6575 MSDC Driver
[    5.030000] NET: Registered protocol family 10
[    5.030000] NET: Registered protocol family 17
[    5.030000] bridge: automatic filtering via arp/ip/ip6tables has been deprecated. Update your scripts to load br_netfilter if you need this.
[    5.030000] 8021q: 802.1Q VLAN Support v1.8
[    5.040000] hctosys: unable to open rtc device (rtc0)
[    5.060000] Waiting 5 sec before mounting root device...
[    5.070000] ata2: SATA link up 6.0 Gbps (SStatus 133 SControl 300)
[    5.070000] ata2.00: ATA-9: WDC WD10JPVX-00JC3T0, 01.01A01, max UDMA/133
[    5.070000] ata2.00: 1953525168 sectors, multi 0: LBA48 NCQ (depth 31/32), AA
[    5.070000] ata2.00: configured for UDMA/133
[    5.070000] scsi 1:0:0:0: Direct-Access     ATA      WDC WD10JPVX-00J 1A01 PQ: 0 ANSI: 5
[    5.070000] sd 1:0:0:0: Attached scsi generic sg1 type 0
[    5.070000] sd 1:0:0:0: [sdb] 1953525168 512-byte logical blocks: (1.00 TB/932 GiB)
[    5.070000] sd 1:0:0:0: [sdb] 4096-byte physical blocks
[    5.070000] sd 1:0:0:0: [sdb] Write Protect is off
[    5.070000] sd 1:0:0:0: [sdb] Write cache: enabled, read cache: enabled, doesn't support DPO or FUA
[    5.190000] usb 1-2: new high-speed USB device number 2 using xhci-mtk
[    5.240000]  sdb: sdb1
[    5.250000] sd 1:0:0:0: [sdb] Attached SCSI disk
[    5.330000] usb 1-2: New USB device found, idVendor=1a40, idProduct=0101
[    5.330000] usb 1-2: New USB device strings: Mfr=0, Product=1, SerialNumber=0
[    5.340000] usb 1-2: Product: USB 2.0 Hub
[    5.340000] hub 1-2:1.0: USB hub found
[    5.340000] hub 1-2:1.0: 4 ports detected
[    5.420000] ata4: SATA link down (SStatus 0 SControl 300)
[    5.620000] mtk_soc_eth 1e100000.ethernet eth0: port 0 link up
[    5.770000] ata6: SATA link down (SStatus 0 SControl 300)
[    7.440000] mtk_soc_eth 1e100000.ethernet eth0: port 4 link up
[   10.140000] md: Waiting for all devices to be available before autodetect
[   10.140000] md: If you don't use raid, use raid=noautodetect
[   10.150000] md: Autodetecting RAID arrays.
[   10.150000] md: Scanned 0 and added 0 devices.
[   10.150000] md: autorun ...
[   10.160000] md: ... autorun DONE.
[   10.160000] VFS: Mounted root (squashfs filesystem) readonly on device 31:5.
[   10.170000] devtmpfs: mounted
[   10.180000] Freeing unused kernel memory: 232K (806d6000 - 80710000)
[   10.220000] random: nonblocking pool is initialized
[   10.600000] Waiting disk spinup and searching for partition GNUBEE-ROOT...done.
findfs: Unable to resolve 'LABEL=GNUBEE-ROOT'
mount: can't fin[   17.790000] Partition GNUBEE-ROOT not found. Resuming recovery boot.
d /mnt/root in /etc/fstab
[   18.060000] init: Console is alive
[   18.060000] init: - watchdog -
[   18.940000] Btrfs loaded
[   18.950000] JFS: nTxBlock = 3999, nTxLock = 31994
[   18.960000] SGI XFS with security attributes, no debug enabled
[   18.970000] uhci_hcd: USB Universal Host Controller Interface driver
[   18.980000] init: - preinit -
/etc/preinit: line 1: ip: not found
/etc/preinit: line 1: ip: not found
sendto(): Network unreachable
Press the [f] key and hit [enter] to enter failsafe mode
Press the [1], [2], [3] or [4] key and hit [enter] to select the debug level
[   22.240000] mount_root: loading kmods from internal overlay
[   23.170000] jffs2: notice: (606) jffs2_build_xattr_subsystem: complete building xattr subsystem, 0 of xdatum (0 unchecked, 0 orphan) and 0 of xref (0 dead, 0 orphan) found.
[   23.190000] block: attempting to load /tmp/jffs_cfg/upper/etc/config/fstab
[   23.200000] block: extroot: not configured
[   23.320000] jffs2: notice: (603) jffs2_build_xattr_subsystem: complete building xattr subsystem, 0 of xdatum (0 unchecked, 0 orphan) and 0 of xref (0 dead, 0 orphan) found.
[   23.920000] block: attempting to load /tmp/jffs_cfg/upper/etc/config/fstab
[   23.930000] block: extroot: not configured
[   23.950000] mount_root: switching to jffs2 overlay
[   23.950000] urandom-seed: Seeding with /etc/urandom.seed
/etc/preinit: line 1: ip: not found
/etc/prei[   24.030000] procd: - early -
nit: line 1: ip:[   24.030000] procd: - watchdog -
 not found
Failed to connect to ubus
[   24.650000] procd: - ubus -
[   24.820000] procd: - init -
Please press Enter to activate this console.
[   25.030000] md: multipath personality registered for level -4
[   25.050000] ip6_tables: (C) 2000-2006 Netfilter Core Team
[   25.070000] fuse init (API version 7.23)
[   25.070000] ip_tables: (C) 2000-2006 Netfilter Core Team
[   25.080000] nf_conntrack version 0.5.0 (7998 buckets, 31992 max)
[   25.200000] usbcore: registered new interface driver ums-alauda
[   25.200000] usbcore: registered new interface driver ums-cypress
[   25.210000] usbcore: registered new interface driver ums-datafab
[   25.210000] usbcore: registered new interface driver ums-freecom
[   25.220000] usbcore: registered new interface driver ums-isd200
[   25.220000] usbcore: registered new interface driver ums-jumpshot
[   25.230000] usbcore: registered new interface driver ums-karma
[   25.240000] usbcore: registered new interface driver ums-sddr09
[   25.240000] usbcore: registered new interface driver ums-sddr55
[   25.250000] usbcore: registered new interface driver ums-usbat
[   25.250000] usbcore: registered new interface driver usblp
[   25.260000] xt_time: kernel timezone is -0000
[   26.910000] md: md127 stopped.
[   26.920000] md: bind<sdb1>
[   26.920000] md/raid1:md127: active with 1 out of 2 mirrors
[   26.930000] md127: detected capacity change from 0 to 819200000



BusyBox v1.25.1 () built-in shell (ash)


                    ____  _____  ____
  _ _ _            |  __||     ||  __|
 | (_) |__ _ _ ___ | |   | | | || |
 | | | '_ \ '_/ -_)| |__ | | | || |__
 |_|_|_.__/_| \___||____||_|_|_||____|
 -----------------------------------------
 r20-646beea Version: v1.4

=== WARNING! =====================================
There is no root password defined on this device!
Use the "passwd" command to set up a new password
in order to prevent unauthorized SSH logins.
--------------------------------------------------
root@libreCMC:/# cd
root@libreCMC:~# wget --no-check-certificate https://raw.githubusercontent.com/gnubee-git/GnuBee_Docs/master/GB-PC1/scripts/jessie_3.10.14/debian-jessie-install
--2017-09-21 15:33:07--  https://raw.githubusercontent.com/gnubee-git/GnuBee_Docs/master/GB-PC1/scripts/jessie_3.10.14/debian-jessie-install
Resolving raw.githubusercontent.com... 151.101.112.133
Connecting to raw.githubusercontent.com|151.101.112.133|:443... connected.
WARNING: cannot verify raw.githubusercontent.com's certificate, issued by 'CN=DigiCert SHA2 High Assurance Server CA,OU=www.digicert.com,O=DigiCert Inc,C=US':
  Unable to locally verify the issuer's authority.
HTTP request sent, awaiting response... 200 OK
Length: 2313 (2.3K) [text/plain]
Saving to: 'debian-jessie-install'

debian-jessie-insta 100%[===================>]   2.26K  --.-KB/s    in 0.005s  

2017-09-21 15:33:07 (466 KB/s) - 'debian-jessie-install' saved [2313/2313]

root@libreCMC:~# sh ./debian-jessie-install 
Detecting connected partitions, please wait a few moments.
/dev/sda1: UUID="16921262-dfc6-4a37-9dc9-7d9bd743d061" TYPE="ext4" PARTLABEL="boot" PARTUUID="e6fbe232-ef90-4022-a552-dd459f17f6aa"
/dev/sda2: UUID="e4f52e0f-5a5e-4986-9597-a396906a0123" TYPE="ext4" PARTLABEL="debian" PARTUUID="80c19565-41d0-4fdd-9c68-89b643715bf7"
/dev/sda3: UUID="976d905b-406b-45a3-8e8a-1e321692d604" TYPE="ext4" PARTLABEL="data" PARTUUID="4f8b92fd-693d-457b-a723-aba35a74df6a"
/dev/sdb1: UUID="bd62a19f-5a7c-23bf-20f4-e2098dcbbfc6" UUID_SUB="a352c1c9-8f30-6306-8fae-4de1d111ba20" LABEL="libreCMC:data" TYPE="linux_raid_member" PARTUUID="71046b53-40ca-4166-a475-3551d228d168"
Choose partition to install (will be formatted !!!): /dev/sda2

/dev/sda2: UUID="e4f52e0f-5a5e-4986-9597-a396906a0123" TYPE="ext4" PARTLABEL="debian" PARTUUID="80c19565-41d0-4fdd-9c68-89b643715bf7"
Partition will be formatted, please type CONFIRM if you agree: CONFIRM
Formatting /dev/sda2, please wait...
mke2fs 1.43.3 (04-Sep-2016)
Discarding device blocks: done                            
Creating filesystem with 4390845 4k blocks and 1097728 inodes
Filesystem UUID: 8a90205e-da5d-42f6-bc86-1f8b051a524e
Superblock backups stored on blocks: 
        32768, 98304, 163840, 229376, 294912, 819200, 884736, 1605632, 2654208, 
        4096000

Allocating group tables: done                            
Writing inode tables: done                            
Creating journal (32768 blocks): done
Writing superblocks and filesystem accounting information: done   

[   49.670000] EXT4-fs (sda2): mounted filesystem with ordered data mode. Opts: (null)
W: Cannot check Release signature; keyring file not available /usr/share/keyrings/debian-archive-keyring.gpg
I: Retrieving InRelease 
I: Retrieving Release 
I: Retrieving Packages 
I: Validating Packages 
I: Resolving dependencies of required packages...
I: Resolving dependencies of base packages...
I: Found additional required dependencies: acl adduser dmsetup insserv libaudit-common libaudit1 libbz2-1.0 libcap2 libcap2-bin libcryptsetup4 libdb5.3 libdebconfclient0 libdevmapper1.02.1 libgcrypt20 libgpg-error0 libkmod2 libncursesw5 libprocps3 libsemanage-common libsemanage1 l 
I: Found additional base dependencies: libbsd0 libcurl3-gnutls libdns-export100 libedit2 libffi6 libgmp10 libgnutls-deb0-28 libgnutls-openssl27 libgpm2 libgssapi-krb5-2 libhogweed2 libicu52 libidn11 libirs-export91 libisc-export95 libisccfg-export90 libk5crypto3 libkeyutils1 libkr 
I: Checking component main on http://httpredir.debian.org/debian...
I: Retrieving acl 2.2.52-2
I: Validating acl 2.2.52-2
I: Retrieving libacl1 2.2.52-2
I: Validating libacl1 2.2.52-2
I: Retrieving adduser 3.113+nmu3
I: Validating adduser 3.113+nmu3
I: Retrieving apt 1.0.9.8.4
I: Validating apt 1.0.9.8.4
I: Retrieving apt-transport-https 1.0.9.8.4
I: Validating apt-transport-https 1.0.9.8.4
I: Retrieving apt-utils 1.0.9.8.4
I: Validating apt-utils 1.0.9.8.4
I: Retrieving libapt-inst1.5 1.0.9.8.4
I: Validating libapt-inst1.5 1.0.9.8.4
I: Retrieving libapt-pkg4.12 1.0.9.8.4
I: Validating libapt-pkg4.12 1.0.9.8.4
I: Retrieving libattr1 1:2.4.47-2
I: Validating libattr1 1:2.4.47-2
I: Retrieving libaudit-common 1:2.4-1
I: Validating libaudit-common 1:2.4-1
I: Retrieving libaudit1 1:2.4-1+b1
I: Validating libaudit1 1:2.4-1+b1
I: Retrieving base-files 8+deb8u9
I: Validating base-files 8+deb8u9
I: Retrieving base-passwd 3.5.37
I: Validating base-passwd 3.5.37
I: Retrieving bash 4.3-11+deb8u1
I: Validating bash 4.3-11+deb8u1
I: Retrieving libdns-export100 1:9.9.5.dfsg-9+deb8u12
I: Validating libdns-export100 1:9.9.5.dfsg-9+deb8u12
I: Retrieving libirs-export91 1:9.9.5.dfsg-9+deb8u12
I: Validating libirs-export91 1:9.9.5.dfsg-9+deb8u12
I: Retrieving libisc-export95 1:9.9.5.dfsg-9+deb8u12
I: Validating libisc-export95 1:9.9.5.dfsg-9+deb8u12
I: Retrieving libisccfg-export90 1:9.9.5.dfsg-9+deb8u12
I: Validating libisccfg-export90 1:9.9.5.dfsg-9+deb8u12
I: Retrieving libboost-iostreams1.55.0 1.55.0+dfsg-3
I: Validating libboost-iostreams1.55.0 1.55.0+dfsg-3
I: Retrieving bsdmainutils 9.0.6
I: Validating bsdmainutils 9.0.6
I: Retrieving libbz2-1.0 1.0.6-7+b3
I: Validating libbz2-1.0 1.0.6-7+b3
I: Retrieving ca-certificates 20141019+deb8u3
I: Validating ca-certificates 20141019+deb8u3
I: Retrieving libdebconfclient0 0.192
I: Validating libdebconfclient0 0.192
I: Retrieving coreutils 8.23-4
I: Validating coreutils 8.23-4
I: Retrieving cpio 2.11+dfsg-4.1+deb8u1
I: Validating cpio 2.11+dfsg-4.1+deb8u1
I: Retrieving cron 3.0pl1-127+deb8u1
I: Validating cron 3.0pl1-127+deb8u1
I: Retrieving libcryptsetup4 2:1.6.6-5
I: Validating libcryptsetup4 2:1.6.6-5
I: Retrieving libcurl3-gnutls 7.38.0-4+deb8u5
I: Validating libcurl3-gnutls 7.38.0-4+deb8u5
I: Retrieving dash 0.5.7-4+b1
I: Validating dash 0.5.7-4+b1
I: Retrieving libdb5.3 5.3.28-9
I: Validating libdb5.3 5.3.28-9
I: Retrieving debconf 1.5.56+deb8u1
I: Validating debconf 1.5.56+deb8u1
I: Retrieving debconf-i18n 1.5.56+deb8u1
I: Validating debconf-i18n 1.5.56+deb8u1
I: Retrieving debian-archive-keyring 2017.5~deb8u1
I: Validating debian-archive-keyring 2017.5~deb8u1
I: Retrieving debianutils 4.4+b1
I: Validating debianutils 4.4+b1
I: Retrieving diffutils 1:3.3-1+b1
I: Validating diffutils 1:3.3-1+b1
I: Retrieving dpkg 1.17.27
I: Validating dpkg 1.17.27
I: Retrieving e2fslibs 1.42.12-2+b1
I: Validating e2fslibs 1.42.12-2+b1
I: Retrieving e2fsprogs 1.42.12-2+b1
I: Validating e2fsprogs 1.42.12-2+b1
I: Retrieving libcomerr2 1.42.12-2+b1
I: Validating libcomerr2 1.42.12-2+b1
I: Retrieving findutils 4.4.2-9+b1
I: Validating findutils 4.4.2-9+b1
I: Retrieving gcc-4.8-base 4.8.4-1
I: Validating gcc-4.8-base 4.8.4-1
I: Retrieving gcc-4.9-base 4.9.2-10
I: Validating gcc-4.9-base 4.9.2-10
I: Retrieving libgcc1 1:4.9.2-10
I: Validating libgcc1 1:4.9.2-10
I: Retrieving libgdbm3 1.8.3-13.1
I: Validating libgdbm3 1.8.3-13.1
I: Retrieving libc-bin 2.19-18+deb8u10
I: Validating libc-bin 2.19-18+deb8u10
I: Retrieving libc6 2.19-18+deb8u10
I: Validating libc6 2.19-18+deb8u10
I: Retrieving libgmp10 2:6.0.0+dfsg-6
I: Validating libgmp10 2:6.0.0+dfsg-6
I: Retrieving gnupg 1.4.18-7+deb8u3
I: Validating gnupg 1.4.18-7+deb8u3
I: Retrieving gpgv 1.4.18-7+deb8u3
I: Validating gpgv 1.4.18-7+deb8u3
I: Retrieving libgnutls-deb0-28 3.3.8-6+deb8u7
I: Validating libgnutls-deb0-28 3.3.8-6+deb8u7
I: Retrieving libgnutls-openssl27 3.3.8-6+deb8u7
I: Validating libgnutls-openssl27 3.3.8-6+deb8u7
I: Retrieving libgpm2 1.20.4-6.1+b2
I: Validating libgpm2 1.20.4-6.1+b2
I: Retrieving grep 2.20-4.1
I: Validating grep 2.20-4.1
I: Retrieving groff-base 1.22.2-8
I: Validating groff-base 1.22.2-8
I: Retrieving gzip 1.6-4
I: Validating gzip 1.6-4
I: Retrieving hostname 3.15
I: Validating hostname 3.15
I: Retrieving libicu52 52.1-8+deb8u5
I: Validating libicu52 52.1-8+deb8u5
I: Retrieving ifupdown 0.7.53.1
I: Validating ifupdown 0.7.53.1
I: Retrieving init 1.22
I: Validating init 1.22
I: Retrieving init-system-helpers 1.22
I: Validating init-system-helpers 1.22
I: Retrieving insserv 1.14.0-5
I: Validating insserv 1.14.0-5
I: Retrieving iproute2 3.16.0-2
I: Validating iproute2 3.16.0-2
I: Retrieving iptables 1.4.21-2+b1
I: Validating iptables 1.4.21-2+b1
I: Retrieving iputils-ping 3:20121221-5+b2
I: Validating iputils-ping 3:20121221-5+b2
I: Retrieving isc-dhcp-client 4.3.1-6+deb8u2
I: Validating isc-dhcp-client 4.3.1-6+deb8u2
I: Retrieving isc-dhcp-common 4.3.1-6+deb8u2
I: Validating isc-dhcp-common 4.3.1-6+deb8u2
I: Retrieving libjson-c2 0.11-4
I: Validating libjson-c2 0.11-4
I: Retrieving libkeyutils1 1.5.9-5+b1
I: Validating libkeyutils1 1.5.9-5+b1
I: Retrieving kmod 18-3
I: Validating kmod 18-3
I: Retrieving libkmod2 18-3
I: Validating libkmod2 18-3
I: Retrieving libgssapi-krb5-2 1.12.1+dfsg-19+deb8u2
I: Validating libgssapi-krb5-2 1.12.1+dfsg-19+deb8u2
I: Retrieving libk5crypto3 1.12.1+dfsg-19+deb8u2
I: Validating libk5crypto3 1.12.1+dfsg-19+deb8u2
I: Retrieving libkrb5-3 1.12.1+dfsg-19+deb8u2
I: Validating libkrb5-3 1.12.1+dfsg-19+deb8u2
I: Retrieving libkrb5support0 1.12.1+dfsg-19+deb8u2
I: Validating libkrb5support0 1.12.1+dfsg-19+deb8u2
I: Retrieving less 458-3
I: Validating less 458-3
I: Retrieving libbsd0 0.7.0-2
I: Validating libbsd0 0.7.0-2
I: Retrieving libcap2 1:2.24-8
I: Validating libcap2 1:2.24-8
I: Retrieving libcap2-bin 1:2.24-8
I: Validating libcap2-bin 1:2.24-8
I: Retrieving libedit2 3.1-20140620-2
I: Validating libedit2 3.1-20140620-2
I: Retrieving libestr0 0.1.9-1.1
I: Validating libestr0 0.1.9-1.1
I: Retrieving libffi6 3.1-2+deb8u1
I: Validating libffi6 3.1-2+deb8u1
I: Retrieving libgcrypt20 1.6.3-2+deb8u4
I: Validating libgcrypt20 1.6.3-2+deb8u4
I: Retrieving libgpg-error0 1.17-3
I: Validating libgpg-error0 1.17-3
I: Retrieving libidn11 1.29-1+deb8u2
I: Validating libidn11 1.29-1+deb8u2
I: Retrieving liblocale-gettext-perl 1.05-8+b1
I: Validating liblocale-gettext-perl 1.05-8+b1
I: Retrieving liblogging-stdlog0 1.0.4-1
I: Validating liblogging-stdlog0 1.0.4-1
I: Retrieving liblognorm1 1.0.1-3
I: Validating liblognorm1 1.0.1-3
I: Retrieving libmnl0 1.0.3-5
I: Validating libmnl0 1.0.3-5
I: Retrieving libnetfilter-acct1 1.0.2-1.1
I: Validating libnetfilter-acct1 1.0.2-1.1
I: Retrieving dmsetup 2:1.02.90-2.2+deb8u1
I: Validating dmsetup 2:1.02.90-2.2+deb8u1
I: Retrieving libdevmapper1.02.1 2:1.02.90-2.2+deb8u1
I: Validating libdevmapper1.02.1 2:1.02.90-2.2+deb8u1
I: Retrieving libncurses5 5.9+20140913-1+b1
I: Validating libncurses5 5.9+20140913-1+b1
I: Retrieving libncursesw5 5.9+20140913-1+b1
I: Validating libncursesw5 5.9+20140913-1+b1
I: Retrieving libhogweed2 2.7.1-5+deb8u2
I: Validating libhogweed2 2.7.1-5+deb8u2
I: Retrieving libldap-2.4-2 2.4.40+dfsg-1+deb8u3
I: Validating libldap-2.4-2 2.4.40+dfsg-1+deb8u3
I: Retrieving initscripts 2.88dsf-59
I: Validating initscripts 2.88dsf-59
I: Retrieving bsdutils 1:2.25.2-6
I: Validating bsdutils 1:2.25.2-6
I: Retrieving libblkid1 2.25.2-6
I: Validating libblkid1 2.25.2-6
I: Retrieving libmount1 2.25.2-6
I: Validating libmount1 2.25.2-6
I: Retrieving liblzma5 5.1.1alpha+20120614-2+b3
I: Validating liblzma5 5.1.1alpha+20120614-2+b3
I: Retrieving libsasl2-2 2.1.26.dfsg1-13+deb8u1
I: Validating libsasl2-2 2.1.26.dfsg1-13+deb8u1
I: Retrieving libsasl2-modules-db 2.1.26.dfsg1-13+deb8u1
I: Validating libsasl2-modules-db 2.1.26.dfsg1-13+deb8u1
I: Retrieving libss2 1.42.12-2+b1
I: Validating libss2 1.42.12-2+b1
I: Retrieving libstdc++6 4.9.2-10
I: Validating libstdc++6 4.9.2-10
I: Retrieving locales 2.19-18+deb8u10
I: Validating locales 2.19-18+deb8u10
I: Retrieving multiarch-support 2.19-18+deb8u10
I: Validating multiarch-support 2.19-18+deb8u10
I: Retrieving libxtables10 1.4.21-2+b1
I: Validating libxtables10 1.4.21-2+b1
I: Retrieving libnfnetlink0 1.0.1-3
I: Validating libnfnetlink0 1.0.1-3
I: Retrieving libpipeline1 1.4.0-1
I: Validating libpipeline1 1.4.0-1
I: Retrieving libpsl0 0.5.1-1
I: Validating libpsl0 0.5.1-1
I: Retrieving libselinux1 2.3-2
I: Validating libselinux1 2.3-2
I: Retrieving libsemanage-common 2.3-1
I: Validating libsemanage-common 2.3-1
I: Retrieving libsemanage1 2.3-1+b1
I: Validating libsemanage1 2.3-1+b1
I: Retrieving libsepol1 2.3-2
I: Validating libsepol1 2.3-2
I: Retrieving libsigc++-2.0-0c2a 2.4.0-1
I: Validating libsigc++-2.0-0c2a 2.4.0-1
I: Retrieving libssh2-1 1.4.3-4.1+deb8u1
I: Validating libssh2-1 1.4.3-4.1+deb8u1
I: Retrieving libtasn1-6 4.2-3+deb8u3
I: Validating libtasn1-6 4.2-3+deb8u3
I: Retrieving libtext-charwidth-perl 0.04-7+b3
I: Validating libtext-charwidth-perl 0.04-7+b3
I: Retrieving libtext-iconv-perl 1.7-5+b2
I: Validating libtext-iconv-perl 1.7-5+b2
I: Retrieving libtext-wrapi18n-perl 0.06-7
I: Validating libtext-wrapi18n-perl 0.06-7
I: Retrieving libusb-0.1-4 2:0.1.12-25
I: Validating libusb-0.1-4 2:0.1.12-25
I: Retrieving logrotate 3.8.7-1+b1
I: Validating logrotate 3.8.7-1+b1
I: Retrieving lsb-base 4.1+Debian13+nmu1
I: Validating lsb-base 4.1+Debian13+nmu1
I: Retrieving man-db 2.7.0.2-5
I: Validating man-db 2.7.0.2-5
I: Retrieving manpages 3.74-1
I: Validating manpages 3.74-1
I: Retrieving mawk 1.3.3-17
I: Validating mawk 1.3.3-17
I: Retrieving nano 2.2.6-3
I: Validating nano 2.2.6-3
I: Retrieving libtinfo5 5.9+20140913-1+b1
I: Validating libtinfo5 5.9+20140913-1+b1
I: Retrieving ncurses-base 5.9+20140913-1
I: Validating ncurses-base 5.9+20140913-1
I: Retrieving ncurses-bin 5.9+20140913-1+b1
I: Validating ncurses-bin 5.9+20140913-1+b1
I: Retrieving net-tools 1.60-26+b1
I: Validating net-tools 1.60-26+b1
I: Retrieving netbase 5.3
I: Validating netbase 5.3
I: Retrieving netcat-traditional 1.10-41
I: Validating netcat-traditional 1.10-41
I: Retrieving libnettle4 2.7.1-5+deb8u2
I: Validating libnettle4 2.7.1-5+deb8u2
I: Retrieving libnewt0.52 0.52.17-1+b1
I: Validating libnewt0.52 0.52.17-1+b1
I: Retrieving whiptail 0.52.17-1+b1
I: Validating whiptail 0.52.17-1+b1
I: Retrieving nfacct 1.0.1-1.1
I: Validating nfacct 1.0.1-1.1
I: Retrieving ntpdate 1:4.2.6.p5+dfsg-7+deb8u2
I: Validating ntpdate 1:4.2.6.p5+dfsg-7+deb8u2
I: Retrieving openssh-client 1:6.7p1-5+deb8u3
I: Validating openssh-client 1:6.7p1-5+deb8u3
I: Retrieving openssh-server 1:6.7p1-5+deb8u3
I: Validating openssh-server 1:6.7p1-5+deb8u3
I: Retrieving openssh-sftp-server 1:6.7p1-5+deb8u3
I: Validating openssh-sftp-server 1:6.7p1-5+deb8u3
I: Retrieving libssl1.0.0 1.0.1t-1+deb8u6
I: Validating libssl1.0.0 1.0.1t-1+deb8u6
I: Retrieving openssl 1.0.1t-1+deb8u6
I: Validating openssl 1.0.1t-1+deb8u6
I: Retrieving libp11-kit0 0.20.7-1
I: Validating libp11-kit0 0.20.7-1
I: Retrieving libpam-modules 1.1.8-3.1+deb8u2+b1
I: Validating libpam-modules 1.1.8-3.1+deb8u2+b1
I: Retrieving libpam-modules-bin 1.1.8-3.1+deb8u2+b1
I: Validating libpam-modules-bin 1.1.8-3.1+deb8u2+b1
I: Retrieving libpam-runtime 1.1.8-3.1+deb8u2
I: Validating libpam-runtime 1.1.8-3.1+deb8u2
I: Retrieving libpam0g 1.1.8-3.1+deb8u2+b1
I: Validating libpam0g 1.1.8-3.1+deb8u2+b1
I: Retrieving libpcre3 2:8.35-3.3+deb8u4
I: Validating libpcre3 2:8.35-3.3+deb8u4
I: Retrieving perl-base 5.20.2-3+deb8u8
I: Validating perl-base 5.20.2-3+deb8u8
I: Retrieving libpopt0 1.16-10
I: Validating libpopt0 1.16-10
I: Retrieving libprocps3 2:3.3.9-9
I: Validating libprocps3 2:3.3.9-9
I: Retrieving procps 2:3.3.9-9
I: Validating procps 2:3.3.9-9
I: Retrieving libreadline6 6.3-8+b3
I: Validating libreadline6 6.3-8+b3
I: Retrieving readline-common 6.3-8
I: Validating readline-common 6.3-8
I: Retrieving rsyslog 8.4.2-1+deb8u2
I: Validating rsyslog 8.4.2-1+deb8u2
I: Retrieving librtmp1 2.4+20150115.gita107cef-1+deb8u1
I: Validating librtmp1 2.4+20150115.gita107cef-1+deb8u1
I: Retrieving sed 4.2.2-4+deb8u1
I: Validating sed 4.2.2-4+deb8u1
I: Retrieving sensible-utils 0.0.9
I: Validating sensible-utils 0.0.9
I: Retrieving login 1:4.2-3+deb8u4
I: Validating login 1:4.2-3+deb8u4
I: Retrieving passwd 1:4.2-3+deb8u4
I: Validating passwd 1:4.2-3+deb8u4
I: Retrieving libslang2 2.3.0-2
I: Validating libslang2 2.3.0-2
I: Retrieving startpar 0.59-3
I: Validating startpar 0.59-3
I: Retrieving libsystemd0 215-17+deb8u7
I: Validating libsystemd0 215-17+deb8u7
I: Retrieving libudev1 215-17+deb8u7
I: Validating libudev1 215-17+deb8u7
I: Retrieving systemd 215-17+deb8u7
I: Validating systemd 215-17+deb8u7
I: Retrieving systemd-sysv 215-17+deb8u7
I: Validating systemd-sysv 215-17+deb8u7
I: Retrieving udev 215-17+deb8u7
I: Validating udev 215-17+deb8u7
I: Retrieving sysv-rc 2.88dsf-59
I: Validating sysv-rc 2.88dsf-59
I: Retrieving sysvinit-utils 2.88dsf-59
I: Validating sysvinit-utils 2.88dsf-59
I: Retrieving tar 1.27.1-2+deb8u1
I: Validating tar 1.27.1-2+deb8u1
I: Retrieving tasksel 3.31+deb8u1
I: Validating tasksel 3.31+deb8u1
I: Retrieving tasksel-data 3.31+deb8u1
I: Validating tasksel-data 3.31+deb8u1
I: Retrieving libwrap0 7.6.q-25
I: Validating libwrap0 7.6.q-25
I: Retrieving traceroute 1:2.0.20-2+b1
I: Validating traceroute 1:2.0.20-2+b1
I: Retrieving tzdata 2017b-0+deb8u1
I: Validating tzdata 2017b-0+deb8u1
I: Retrieving libustr-1.0-1 1.0.4-3+b2
I: Validating libustr-1.0-1 1.0.4-3+b2
I: Retrieving libsmartcols1 2.25.2-6
I: Validating libsmartcols1 2.25.2-6
I: Retrieving libuuid1 2.25.2-6
I: Validating libuuid1 2.25.2-6
I: Retrieving mount 2.25.2-6
I: Validating mount 2.25.2-6
I: Retrieving util-linux 2.25.2-6
I: Validating util-linux 2.25.2-6
I: Retrieving vim 2:7.4.488-7+deb8u3
I: Validating vim 2:7.4.488-7+deb8u3
I: Retrieving vim-common 2:7.4.488-7+deb8u3
I: Validating vim-common 2:7.4.488-7+deb8u3
I: Retrieving vim-runtime 2:7.4.488-7+deb8u3
I: Validating vim-runtime 2:7.4.488-7+deb8u3
I: Retrieving vim-tiny 2:7.4.488-7+deb8u3
I: Validating vim-tiny 2:7.4.488-7+deb8u3
I: Retrieving vlan 1.9-3.2
I: Validating vlan 1.9-3.2
I: Retrieving wget 1.16-1+deb8u2
I: Validating wget 1.16-1+deb8u2
I: Retrieving zlib1g 1:1.2.8.dfsg-2+b1
I: Validating zlib1g 1:1.2.8.dfsg-2+b1
I: Chosen extractor for .deb packages: ar
I: Extracting acl...
I: Extracting libacl1...
I: Extracting adduser...
I: Extracting libattr1...
I: Extracting libaudit-common...
I: Extracting libaudit1...
I: Extracting base-files...
I: Extracting base-passwd...
I: Extracting bash...
I: Extracting libbz2-1.0...
I: Extracting libdebconfclient0...
I: Extracting coreutils...
I: Extracting libcryptsetup4...
I: Extracting dash...
I: Extracting libdb5.3...
I: Extracting debconf...
I: Extracting debconf-i18n...
I: Extracting debianutils...
I: Extracting diffutils...
I: Extracting dpkg...
I: Extracting e2fslibs...
I: Extracting e2fsprogs...
I: Extracting libcomerr2...
I: Extracting findutils...
I: Extracting gcc-4.8-base...
I: Extracting gcc-4.9-base...
I: Extracting libgcc1...
I: Extracting libc-bin...
I: Extracting libc6...
I: Extracting grep...
I: Extracting gzip...
I: Extracting hostname...
I: Extracting init...
I: Extracting insserv...
I: Extracting libkmod2...
I: Extracting libcap2...
I: Extracting libcap2-bin...
I: Extracting libgcrypt20...
I: Extracting libgpg-error0...
I: Extracting liblocale-gettext-perl...
I: Extracting dmsetup...
I: Extracting libdevmapper1.02.1...
I: Extracting libncurses5...
I: Extracting libncursesw5...
I: Extracting initscripts...
I: Extracting bsdutils...
I: Extracting libblkid1...
I: Extracting libmount1...
I: Extracting liblzma5...
I: Extracting libss2...
I: Extracting multiarch-support...
I: Extracting libselinux1...
I: Extracting libsemanage-common...
I: Extracting libsemanage1...
I: Extracting libsepol1...
I: Extracting libtext-charwidth-perl...
I: Extracting libtext-iconv-perl...
I: Extracting libtext-wrapi18n-perl...
I: Extracting lsb-base...
I: Extracting mawk...
I: Extracting libtinfo5...
I: Extracting ncurses-base...
I: Extracting ncurses-bin...
I: Extracting libpam-modules...
I: Extracting libpam-modules-bin...
I: Extracting libpam-runtime...
I: Extracting libpam0g...
I: Extracting libpcre3...
I: Extracting perl-base...
I: Extracting libprocps3...
I: Extracting procps...
I: Extracting sed...
I: Extracting sensible-utils...
I: Extracting login...
I: Extracting passwd...
I: Extracting libslang2...
I: Extracting startpar...
I: Extracting libsystemd0...
I: Extracting libudev1...
I: Extracting systemd...
I: Extracting systemd-sysv...
I: Extracting udev...
I: Extracting sysv-rc...
I: Extracting sysvinit-utils...
I: Extracting tar...
I: Extracting tzdata...
I: Extracting libustr-1.0-1...
I: Extracting libsmartcols1...
I: Extracting libuuid1...
I: Extracting mount...
I: Extracting util-linux...
I: Extracting zlib1g...
I: Installing core packages...
I: Unpacking required packages...
I: Unpacking acl...
I: Unpacking libacl1:mipsel...
I: Unpacking adduser...
I: Unpacking libattr1:mipsel...
I: Unpacking libaudit-common...
I: Unpacking libaudit1:mipsel...
I: Unpacking base-files...
I: Unpacking base-passwd...
I: Unpacking bash...
I: Unpacking libbz2-1.0:mipsel...
I: Unpacking libdebconfclient0:mipsel...
I: Unpacking coreutils...
I: Unpacking libcryptsetup4:mipsel...
I: Unpacking dash...
I: Unpacking libdb5.3:mipsel...
I: Unpacking debconf...
I: Unpacking debconf-i18n...
I: Unpacking debianutils...
I: Unpacking diffutils...
I: Unpacking dpkg...
I: Unpacking e2fslibs:mipsel...
I: Unpacking e2fsprogs...
I: Unpacking libcomerr2:mipsel...
I: Unpacking findutils...
I: Unpacking gcc-4.8-base:mipsel...
I: Unpacking gcc-4.9-base:mipsel...
I: Unpacking libgcc1:mipsel...
I: Unpacking libc-bin...
I: Unpacking libc6:mipsel...
I: Unpacking grep...
I: Unpacking gzip...
I: Unpacking hostname...
I: Unpacking init...
I: Unpacking insserv...
I: Unpacking libkmod2:mipsel...
I: Unpacking libcap2:mipsel...
I: Unpacking libcap2-bin...
I: Unpacking libgcrypt20:mipsel...
I: Unpacking libgpg-error0:mipsel...
I: Unpacking liblocale-gettext-perl...
I: Unpacking dmsetup...
I: Unpacking libdevmapper1.02.1:mipsel...
I: Unpacking libncurses5:mipsel...
I: Unpacking libncursesw5:mipsel...
I: Unpacking initscripts...
I: Unpacking bsdutils...
I: Unpacking libblkid1:mipsel...
I: Unpacking libmount1:mipsel...
I: Unpacking liblzma5:mipsel...
I: Unpacking libss2:mipsel...
I: Unpacking multiarch-support...
I: Unpacking libselinux1:mipsel...
I: Unpacking libsemanage-common...
I: Unpacking libsemanage1:mipsel...
I: Unpacking libsepol1:mipsel...
I: Unpacking libtext-charwidth-perl...
I: Unpacking libtext-iconv-perl...
I: Unpacking libtext-wrapi18n-perl...
I: Unpacking lsb-base...
I: Unpacking mawk...
I: Unpacking libtinfo5:mipsel...
I: Unpacking ncurses-base...
I: Unpacking ncurses-bin...
I: Unpacking libpam-modules:mipsel...
I: Unpacking libpam-modules-bin...
I: Unpacking libpam-runtime...
I: Unpacking libpam0g:mipsel...
I: Unpacking libpcre3:mipsel...
I: Unpacking perl-base...
I: Unpacking libprocps3:mipsel...
I: Unpacking procps...
I: Unpacking sed...
I: Unpacking sensible-utils...
I: Unpacking login...
I: Unpacking passwd...
I: Unpacking libslang2:mipsel...
I: Unpacking startpar...
I: Unpacking libsystemd0:mipsel...
I: Unpacking libudev1:mipsel...
I: Unpacking systemd...
I: Unpacking systemd-sysv...
I: Unpacking udev...
I: Unpacking sysv-rc...
I: Unpacking sysvinit-utils...
I: Unpacking tar...
I: Unpacking tzdata...
I: Unpacking libustr-1.0-1:mipsel...
I: Unpacking libsmartcols1:mipsel...
I: Unpacking libuuid1:mipsel...
I: Unpacking mount...
I: Unpacking util-linux...
I: Unpacking zlib1g:mipsel...
I: Configuring required packages...
I: Configuring gcc-4.8-base:mipsel...
I: Configuring lsb-base...
I: Configuring sensible-utils...
I: Configuring ncurses-base...
I: Configuring libsemanage-common...
I: Configuring gcc-4.9-base:mipsel...
I: Configuring libaudit-common...
I: Configuring libc6:mipsel...
I: Configuring startpar...
I: Configuring libc-bin...
I: Configuring diffutils...
I: Configuring insserv...
I: Configuring findutils...
I: Configuring debianutils...
I: Configuring hostname...
I: Configuring multiarch-support...
I: Configuring mawk...
I: Configuring libprocps3:mipsel...
I: Configuring libpcre3:mipsel...
I: Configuring libbz2-1.0:mipsel...
I: Configuring libkmod2:mipsel...
I: Configuring libgpg-error0:mipsel...
I: Configuring base-files...
I: Configuring libdebconfclient0:mipsel...
I: Configuring libselinux1:mipsel...
I: Configuring libcomerr2:mipsel...
I: Configuring libslang2:mipsel...
I: Configuring libsepol1:mipsel...
I: Configuring libgcc1:mipsel...
I: Configuring libustr-1.0-1:mipsel...
I: Configuring libsmartcols1:mipsel...
I: Configuring libaudit1:mipsel...
I: Configuring libtinfo5:mipsel...
I: Configuring libudev1:mipsel...
I: Configuring libattr1:mipsel...
I: Configuring libss2:mipsel...
I: Configuring liblzma5:mipsel...
I: Configuring base-passwd...
I: Configuring e2fslibs:mipsel...
I: Configuring libgcrypt20:mipsel...
I: Configuring libncursesw5:mipsel...
I: Configuring libdb5.3:mipsel...
I: Configuring zlib1g:mipsel...
I: Configuring libcap2:mipsel...
I: Configuring libsystemd0:mipsel...
I: Configuring libdevmapper1.02.1:mipsel...
I: Configuring libsemanage1:mipsel...
I: Configuring sysvinit-utils...
I: Configuring libacl1:mipsel...
I: Configuring ncurses-bin...
I: Configuring acl...
I: Configuring libncurses5:mipsel...
I: Configuring libcap2-bin...
I: Configuring bsdutils...
I: Configuring coreutils...
I: Configuring tar...
I: Configuring dpkg...
I: Configuring sed...
I: Configuring perl-base...
I: Configuring grep...
I: Configuring debconf...
I: Configuring tzdata...
I: Configuring gzip...
I: Configuring dash...
I: Configuring libtext-iconv-perl...
I: Configuring sysv-rc...
I: Configuring liblocale-gettext-perl...
I: Configuring libtext-charwidth-perl...
I: Configuring libpam0g:mipsel...
I: Configuring libpam-modules-bin...
I: Configuring bash...
I: Configuring libtext-wrapi18n-perl...
I: Configuring libpam-modules:mipsel...
I: Configuring libpam-runtime...
I: Configuring debconf-i18n...
I: Configuring passwd...
I: Configuring login...
I: Configuring adduser...
I: Configuring libuuid1:mipsel...
I: Configuring libblkid1:mipsel...
I: Configuring libmount1:mipsel...
I: Configuring libcryptsetup4:mipsel...
I: Configuring mount...
I: Configuring initscripts...
I: Configuring util-linux...
I: Configuring e2fsprogs...
I: Configuring procps...
I: Configuring udev...
I: Configuring systemd...
I: Configuring dmsetup...
I: Configuring systemd-sysv...
I: Configuring init...
I: Configuring libc-bin...
I: Unpacking the base system...
I: Unpacking apt...
I: Unpacking apt-transport-https...
I: Unpacking apt-utils...
I: Unpacking libapt-inst1.5:mipsel...
I: Unpacking libapt-pkg4.12:mipsel...
I: Unpacking libdns-export100...
I: Unpacking libirs-export91...
I: Unpacking libisc-export95...
I: Unpacking libisccfg-export90...
I: Unpacking libboost-iostreams1.55.0:mipsel...
I: Unpacking bsdmainutils...
I: Unpacking ca-certificates...
I: Unpacking cpio...
I: Unpacking cron...
I: Unpacking libcurl3-gnutls:mipsel...
I: Unpacking debian-archive-keyring...
I: Unpacking libgdbm3:mipsel...
I: Unpacking libgmp10:mipsel...
I: Unpacking gnupg...
I: Unpacking gpgv...
I: Unpacking libgnutls-deb0-28:mipsel...
I: Unpacking libgnutls-openssl27:mipsel...
I: Unpacking libgpm2:mipsel...
I: Unpacking groff-base...
I: Unpacking libicu52:mipsel...
I: Unpacking ifupdown...
I: Unpacking init-system-helpers...
I: Unpacking iproute2...
I: Unpacking iptables...
I: Unpacking iputils-ping...
I: Unpacking isc-dhcp-client...
I: Unpacking isc-dhcp-common...
I: Unpacking libjson-c2:mipsel...
I: Unpacking libkeyutils1:mipsel...
I: Unpacking kmod...
I: Unpacking libgssapi-krb5-2:mipsel...
I: Unpacking libk5crypto3:mipsel...
I: Unpacking libkrb5-3:mipsel...
I: Unpacking libkrb5support0:mipsel...
I: Unpacking less...
I: Unpacking libbsd0:mipsel...
I: Unpacking libedit2:mipsel...
I: Unpacking libestr0...
I: Unpacking libffi6:mipsel...
I: Unpacking libidn11:mipsel...
I: Unpacking liblogging-stdlog0:mipsel...
I: Unpacking liblognorm1:mipsel...
I: Unpacking libmnl0:mipsel...
I: Unpacking libnetfilter-acct1:mipsel...
I: Unpacking libhogweed2:mipsel...
I: Unpacking libldap-2.4-2:mipsel...
I: Unpacking libsasl2-2:mipsel...
I: Unpacking libsasl2-modules-db:mipsel...
I: Unpacking libstdc++6:mipsel...
I: Unpacking locales...
I: Unpacking libxtables10...
I: Unpacking libnfnetlink0:mipsel...
I: Unpacking libpipeline1:mipsel...
I: Unpacking libpsl0:mipsel...
I: Unpacking libsigc++-2.0-0c2a:mipsel...
I: Unpacking libssh2-1:mipsel...
I: Unpacking libtasn1-6:mipsel...
I: Unpacking libusb-0.1-4:mipsel...
I: Unpacking logrotate...
I: Unpacking man-db...
I: Unpacking manpages...
I: Unpacking nano...
I: Unpacking net-tools...
I: Unpacking netbase...
I: Unpacking netcat-traditional...
I: Unpacking libnettle4:mipsel...
I: Unpacking libnewt0.52:mipsel...
I: Unpacking whiptail...
I: Unpacking nfacct...
I: Unpacking ntpdate...
I: Unpacking openssh-client...
I: Unpacking openssh-server...
I: Unpacking openssh-sftp-server...
I: Unpacking libssl1.0.0:mipsel...
I: Unpacking openssl...
I: Unpacking libp11-kit0:mipsel...
I: Unpacking libpopt0:mipsel...
I: Unpacking libreadline6:mipsel...
I: Unpacking readline-common...
I: Unpacking rsyslog...
I: Unpacking librtmp1:mipsel...
I: Unpacking tasksel...
I: Unpacking tasksel-data...
I: Unpacking libwrap0:mipsel...
I: Unpacking traceroute...
I: Unpacking vim...
I: Unpacking vim-common...
I: Unpacking vim-runtime...
I: Unpacking vim-tiny...
I: Unpacking vlan...
I: Unpacking wget...
I: Configuring the base system...
I: Configuring readline-common...
I: Configuring libgdbm3:mipsel...
I: Configuring manpages...
I: Configuring libxtables10...
I: Configuring cpio...
I: Configuring libpopt0:mipsel...
I: Configuring kmod...
I: Configuring libestr0...
I: Configuring less...
I: Configuring libssl1.0.0:mipsel...
I: Configuring libgpm2:mipsel...
I: Configuring gpgv...
I: Configuring libsasl2-modules-db:mipsel...
I: Configuring liblogging-stdlog0:mipsel...
I: Configuring libsasl2-2:mipsel...
I: Configuring netcat-traditional...
I: Configuring libpipeline1:mipsel...
I: Configuring iproute2...
I: Configuring libbsd0:mipsel...
I: Configuring libtasn1-6:mipsel...
I: Configuring nano...
I: Configuring libgmp10:mipsel...
I: Configuring libisc-export95...
I: Configuring libssh2-1:mipsel...
I: Configuring init-system-helpers...
I: Configuring libnettle4:mipsel...
I: Configuring debian-archive-keyring...
I: Configuring openssl...
I: Configuring vim-common...
I: Configuring libnfnetlink0:mipsel...
I: Configuring vim-runtime...
I: Configuring libstdc++6:mipsel...
I: Configuring libffi6:mipsel...
I: Configuring libkeyutils1:mipsel...
I: Configuring libnewt0.52:mipsel...
I: Configuring bsdmainutils...
I: Configuring net-tools...
I: Configuring ca-certificates...
I: Configuring cron...
I: Configuring libmnl0:mipsel...
I: Configuring libapt-pkg4.12:mipsel...
I: Configuring libusb-0.1-4:mipsel...
I: Configuring locales...
I: Configuring traceroute...
I: Configuring logrotate...
I: Configuring libidn11:mipsel...
I: Configuring libreadline6:mipsel...
I: Configuring libjson-c2:mipsel...
I: Configuring libwrap0:mipsel...
I: Configuring libicu52:mipsel...
I: Configuring netbase...
I: Configuring libedit2:mipsel...
I: Configuring vim-tiny...
I: Configuring vlan...
I: Configuring libhogweed2:mipsel...
I: Configuring ifupdown...
I: Configuring libisccfg-export90...
I: Configuring libsigc++-2.0-0c2a:mipsel...
I: Configuring vim...
I: Configuring groff-base...
I: Configuring liblognorm1:mipsel...
I: Configuring whiptail...
I: Configuring gnupg...
I: Configuring libpsl0:mipsel...
I: Configuring libboost-iostreams1.55.0:mipsel...
I: Configuring libdns-export100...
I: Configuring libkrb5support0:mipsel...
I: Configuring ntpdate...
I: Configuring iptables...
I: Configuring libapt-inst1.5:mipsel...
I: Configuring libp11-kit0:mipsel...
I: Configuring libgnutls-deb0-28:mipsel...
I: Configuring wget...
I: Configuring apt...
I: Configuring man-db...
I: Configuring libnetfilter-acct1:mipsel...
I: Configuring rsyslog...
I: Configuring libk5crypto3:mipsel...
I: Configuring nfacct...
I: Configuring apt-utils...
I: Configuring libirs-export91...
I: Configuring librtmp1:mipsel...
I: Configuring libldap-2.4-2:mipsel...
I: Configuring libgnutls-openssl27:mipsel...
I: Configuring libkrb5-3:mipsel...
I: Configuring iputils-ping...
I: Configuring isc-dhcp-common...
I: Configuring isc-dhcp-client...
I: Configuring libgssapi-krb5-2:mipsel...
I: Configuring openssh-client...
I: Configuring libcurl3-gnutls:mipsel...
I: Configuring openssh-sftp-server...
I: Configuring apt-transport-https...
I: Configuring openssh-server...
I: Configuring tasksel...
I: Configuring tasksel-data...
I: Configuring libc-bin...
I: Configuring systemd...
I: Configuring ca-certificates...
I: Base system installed successfully.
Debian successfully installed into /dev/sda2, please reboot your device now.
root@libreCMC:~# reboot
root@libreCMC:~# [ 1419.140000] br-lan: port 1(eth0.1) entered disabled state
[ 1419.150000] device eth0.1 left promiscuous mode
[ 1419.160000] br-lan: port 1(eth0.1) entered disabled state
[ 1419.160000] IPv6: ADDRCONF(NETDEV_UP): eth0.1: link is not ready
[ 1419.300000] device eth0 left promiscuous mode
[ 1420.350000] md127: detected capacity change from 819200000 to 0
[ 1420.360000] md: md127 stopped.
[ 1420.360000] md: unbind<sdb1>
[ 1420.410000] md: export_rdev(sdb1)
[ 1425.320000] sd 1:0:0:0: [sdb] Synchronizing SCSI cache
[ 1425.320000] sd 0:0:0:0: [sda] Synchronizing SCSI cache
[ 1425.330000] reboot: Restarting system


U-Boot 1.1.3 (Jul  9 2017 - 14:14:05)                                                                                                                                                                                                                                                                                          
